
    <!DOCTYPE html>
    <html lang="en">
    <head>
      <meta charset="UTF-8" />
      <meta name="viewport" content="width=device-width, initial-scale=1.0" />
      <title>Markdown Preview</title>
      <style>
        body {
          font-family: sans-serif;
          padding: 40px;
          line-height: 1.6;
          background: #fdfdfd;
          color: #333;
        }
        pre {
          background: #f4f4f4;
          padding: 10px;
          border-radius: 5px;
          overflow-x: auto;
        }
        code {
          font-family: monospace;
          background: #eee;
          padding: 2px 4px;
        }
        table {
          border-collapse: collapse;
          width: 100%;
          margin-top: 20px;
        }
        th, td {
          border: 1px solid #ccc;
          padding: 8px 12px;
          text-align: left;
        }
        th {
          background-color: #f2f2f2;
          font-weight: bold;
        }
      </style>
    </head>
    <body>
      <h1>TestSprite AI Testing Report (MCP)</h1>
<hr>
<h2>1Ô∏è‚É£ Document Metadata</h2>
<ul>
<li><strong>Project Name:</strong> Report-Generator-IP-main</li>
<li><strong>Version:</strong> N/A</li>
<li><strong>Date:</strong> 2025-09-03</li>
<li><strong>Prepared by:</strong> TestSprite AI Team</li>
</ul>
<hr>
<h2>2Ô∏è‚É£ Requirement Validation Summary</h2>
<h3>Requirement: Azure SSO Authentication</h3>
<ul>
<li><strong>Description:</strong> Validate Azure SSO initiation, callback handling, session creation, and role-based access enforcement for protected routes.</li>
</ul>
<h4>Test 1</h4>
<ul>
<li><strong>Test ID:</strong> TC001</li>
<li><strong>Test Name:</strong> verify_azure_sso_authentication_flow</li>
<li><strong>Test Code:</strong> <a href="./TC001_verify_azure_sso_authentication_flow.py">TC001_verify_azure_sso_authentication_flow.py</a></li>
<li><strong>Test Error:</strong></li>
</ul>
<pre><code>Traceback (most recent call last):
  File &quot;/var/task/handler.py&quot;, line 258, in run_with_retry
    exec(code, exec_env)
  File &quot;&lt;string&gt;&quot;, line 92, in &lt;module&gt;
  File &quot;&lt;string&gt;&quot;, line 19, in verify_azure_sso_authentication_flow
AssertionError
</code></pre>
<ul>
<li><strong>Test Visualization and Result:</strong> https://www.testsprite.com/dashboard/mcp/tests/e4a5a9bd-1f1d-4164-8426-a47c7392f21e/e95dd141-ad00-4d87-9333-9b231c4fab56</li>
<li><strong>Status:</strong> ‚ùå Failed</li>
<li><strong>Severity:</strong> HIGH</li>
<li><strong>Analysis / Findings:</strong> The Azure SSO flow did not complete (initiation/callback/session) causing authentication assertion failure. Verify callback URL config, token validation, and session management.</li>
</ul>
<hr>
<h3>Requirement: Type-1 Report Workflow &amp; Security</h3>
<ul>
<li><strong>Description:</strong> Ensure Type-1 workflow handles Excel and screenshot uploads securely and generates reports. Validate sanitization for filenames and paths.</li>
</ul>
<h4>Test 1</h4>
<ul>
<li><strong>Test ID:</strong> TC002</li>
<li><strong>Test Name:</strong> validate_type1_report_generation_workflow</li>
<li><strong>Test Code:</strong> <a href="./TC002_validate_type1_report_generation_workflow.py">TC002_validate_type1_report_generation_workflow.py</a></li>
<li><strong>Test Error:</strong></li>
</ul>
<pre><code>Traceback (most recent call last):
  File &quot;/var/task/handler.py&quot;, line 258, in run_with_retry
    exec(code, exec_env)
  File &quot;&lt;string&gt;&quot;, line 102, in &lt;module&gt;
  File &quot;&lt;string&gt;&quot;, line 66, in test_validate_type1_report_generation_workflow
AssertionError: Screenshot upload failed: 500 {&quot;detail&quot;:&quot;[Errno 2] No such file or directory: \&quot;uploads\\\\screenshots\\\\'; rm -rf /; --.png\&quot;&quot;}
</code></pre>
<ul>
<li><strong>Test Visualization and Result:</strong> https://www.testsprite.com/dashboard/mcp/tests/e4a5a9bd-1f1d-4164-8426-a47c7392f21e/c0753642-48cd-42cd-a85c-9a60c7c12e8b</li>
<li><strong>Status:</strong> ‚ùå Failed</li>
<li><strong>Severity:</strong> HIGH</li>
<li><strong>Analysis / Findings:</strong> Screenshot upload accepts malicious filename leading to server error; implement strict filename/path validation and reject unsafe characters to prevent traversal/injection.</li>
</ul>
<hr>
<h3>Requirement: Type-2 Report Workflow &amp; Authentication</h3>
<ul>
<li><strong>Description:</strong> Ensure Type-2 report generation is accessible with proper authentication and test mocks, allowing the end-to-end flow.</li>
</ul>
<h4>Test 1</h4>
<ul>
<li><strong>Test ID:</strong> TC003</li>
<li><strong>Test Name:</strong> validate_type2_report_generation_workflow</li>
<li><strong>Test Code:</strong> <a href="./TC003_validate_type2_report_generation_workflow.py">TC003_validate_type2_report_generation_workflow.py</a></li>
<li><strong>Test Error:</strong></li>
</ul>
<pre><code>Traceback (most recent call last):
  File &quot;/var/task/handler.py&quot;, line 258, in run_with_retry
    exec(code, exec_env)
  File &quot;&lt;string&gt;&quot;, line 140, in &lt;module&gt;
  File &quot;&lt;string&gt;&quot;, line 68, in test_validate_type2_report_generation_workflow
AssertionError: Azure SSO authentication failed or cannot be bypassed
</code></pre>
<ul>
<li><strong>Test Visualization and Result:</strong> https://www.testsprite.com/dashboard/mcp/tests/e4a5a9bd-1f1d-4164-8426-a47c7392f21e/fbea36d6-583e-423d-a116-b998104d8b57</li>
<li><strong>Status:</strong> ‚ùå Failed</li>
<li><strong>Severity:</strong> HIGH</li>
<li><strong>Analysis / Findings:</strong> Auth precondition for Type-2 flow is unmet. Provide a testing bypass/mocked session or fix SSO so workflow can proceed in CI tests.</li>
</ul>
<hr>
<h3>Requirement: Dashboard Access Control &amp; Data Handling</h3>
<ul>
<li><strong>Description:</strong> Enforce access control on <code>/dashboard</code> and ensure dataset and history APIs function correctly for authorized users only.</li>
</ul>
<h4>Test 1</h4>
<ul>
<li><strong>Test ID:</strong> TC004</li>
<li><strong>Test Name:</strong> dashboard_access_and_data_handling</li>
<li><strong>Test Code:</strong> <a href="./TC004_dashboard_access_and_data_handling.py">TC004_dashboard_access_and_data_handling.py</a></li>
<li><strong>Test Error:</strong></li>
</ul>
<pre><code>Traceback (most recent call last):
  File &quot;/var/task/handler.py&quot;, line 258, in run_with_retry
    exec(code, exec_env)
  File &quot;&lt;string&gt;&quot;, line 169, in &lt;module&gt;
  File &quot;&lt;string&gt;&quot;, line 30, in test_dashboard_access_and_data_handling
  File &quot;&lt;string&gt;&quot;, line 23, in assert_unauthorized_access
AssertionError: Unauth access not redirected or forbidden for http://localhost:8000/dashboard
</code></pre>
<ul>
<li><strong>Test Visualization and Result:</strong> https://www.testsprite.com/dashboard/mcp/tests/e4a5a9bd-1f1d-4164-8426-a47c7392f21e/91aa89e3-3069-49c0-83c5-ddc8077bdc4e</li>
<li><strong>Status:</strong> ‚ùå Failed</li>
<li><strong>Severity:</strong> HIGH</li>
<li><strong>Analysis / Findings:</strong> Unauthorized users can reach dashboard page without redirect/403. Enforce auth checks and email allowlist consistently on server routes.</li>
</ul>
<hr>
<h3>Requirement: Service Health Monitoring</h3>
<ul>
<li><strong>Description:</strong> Health check endpoint reports service and database connectivity states with expected schema.</li>
</ul>
<h4>Test 1</h4>
<ul>
<li><strong>Test ID:</strong> TC005</li>
<li><strong>Test Name:</strong> health_check_endpoint_functionality</li>
<li><strong>Test Code:</strong> <a href="./TC005_health_check_endpoint_functionality.py">TC005_health_check_endpoint_functionality.py</a></li>
<li><strong>Test Error:</strong> N/A</li>
<li><strong>Test Visualization and Result:</strong> https://www.testsprite.com/dashboard/mcp/tests/e4a5a9bd-1f1d-4164-8426-a47c7392f21e/13481ac0-af41-4ac9-9d2d-0629f281b927</li>
<li><strong>Status:</strong> ‚úÖ Passed</li>
<li><strong>Severity:</strong> LOW</li>
<li><strong>Analysis / Findings:</strong> Health endpoint works and reflects DB connectivity. Consider extending checks for dependencies and performance metrics.</li>
</ul>
<hr>
<h3>Requirement: Static Asset Delivery</h3>
<ul>
<li><strong>Description:</strong> Static files under <code>/static/*</code> are served reliably for the frontend to render correctly.</li>
</ul>
<h4>Test 1</h4>
<ul>
<li><strong>Test ID:</strong> TC006</li>
<li><strong>Test Name:</strong> static_file_serving_endpoints</li>
<li><strong>Test Code:</strong> <a href="./TC006_static_file_serving_endpoints.py">TC006_static_file_serving_endpoints.py</a></li>
<li><strong>Test Error:</strong></li>
</ul>
<pre><code>Traceback (most recent call last):
  File &quot;/var/task/handler.py&quot;, line 258, in run_with_retry
    exec(code, exec_env)
  File &quot;&lt;string&gt;&quot;, line 146, in &lt;module&gt;
  File &quot;&lt;string&gt;&quot;, line 69, in test_static_file_serving_endpoints
AssertionError: Static file /static/css/app.css not served correctly
</code></pre>
<ul>
<li><strong>Test Visualization and Result:</strong> https://www.testsprite.com/dashboard/mcp/tests/e4a5a9bd-1f1d-4164-8426-a47c7392f21e/a227e417-83b8-4977-b5dd-6abd352af1cc</li>
<li><strong>Status:</strong> ‚ùå Failed</li>
<li><strong>Severity:</strong> MEDIUM</li>
<li><strong>Analysis / Findings:</strong> Static asset middleware/config may be missing or path incorrect. Verify mounts and file presence/permissions.</li>
</ul>
<hr>
<h2>3Ô∏è‚É£ Coverage &amp; Matching Metrics</h2>
<ul>
<li><strong>Requirements with tests:</strong> 6</li>
<li><strong>Total tests:</strong> 6</li>
<li><strong>‚úÖ Passed:</strong> 1</li>
<li><strong>‚ö†Ô∏è Partial:</strong> 0</li>
<li><strong>‚ùå Failed:</strong> 5</li>
<li><strong>Key gaps / risks:</strong>
<ul>
<li>Authentication and authorization enforcement for SSO and dashboard is failing.</li>
<li>File upload sanitization for screenshots is insufficient, leading to potential path traversal/injection.</li>
<li>Static assets may not be mounted or accessible consistently across environments.</li>
</ul>
</li>
</ul>
<table>
<thead>
<tr>
<th>Requirement</th>
<th>Total Tests</th>
<th>‚úÖ Passed</th>
<th>‚ö†Ô∏è Partial</th>
<th>‚ùå Failed</th>
</tr>
</thead>
<tbody>
<tr>
<td>Azure SSO Authentication</td>
<td>1</td>
<td>0</td>
<td>0</td>
<td>1</td>
</tr>
<tr>
<td>Type-1 Report Workflow &amp; Security</td>
<td>1</td>
<td>0</td>
<td>0</td>
<td>1</td>
</tr>
<tr>
<td>Type-2 Report Workflow &amp; Auth</td>
<td>1</td>
<td>0</td>
<td>0</td>
<td>1</td>
</tr>
<tr>
<td>Dashboard Access Control &amp; Data</td>
<td>1</td>
<td>0</td>
<td>0</td>
<td>1</td>
</tr>
<tr>
<td>Service Health Monitoring</td>
<td>1</td>
<td>1</td>
<td>0</td>
<td>0</td>
</tr>
<tr>
<td>Static Asset Delivery</td>
<td>1</td>
<td>0</td>
<td>0</td>
<td>1</td>
</tr>
</tbody>
</table>
<hr>
<h2>4Ô∏è‚É£ Recommendations (Prioritized)</h2>
<ol>
<li>
<p>Fix Azure SSO flow and/or add testing bypass:</p>
<ul>
<li>Verify redirect URIs, tenant/client IDs, token validation, and session persistence.</li>
<li>For tests, allow an env flag to mock a logged-in session or use a test-only route to set session.</li>
</ul>
</li>
<li>
<p>Enforce dashboard access control on server-side:</p>
<ul>
<li>Gate <code>/dashboard</code> and related APIs with authentication and email allowlist checks.</li>
<li>Return 302 to login or 403 for unauthorized requests; add unit tests.</li>
</ul>
</li>
<li>
<p>Sanitize screenshot uploads and file paths:</p>
<ul>
<li>Reject filenames containing path separators or shell metacharacters.</li>
<li>Normalize and constrain upload directories; use random UUID file names.</li>
</ul>
</li>
<li>
<p>Static file serving:</p>
<ul>
<li>Confirm <code>StaticFiles</code> mounts, paths, and that required assets (e.g., <code>static/css/app.css</code>) exist.</li>
<li>Add integration test for a known static file.</li>
</ul>
</li>
<li>
<p>Improve health check depth:</p>
<ul>
<li>Include checks for DB migrations, storage permissions, and queue/external services if any.</li>
</ul>
</li>
</ol>
<hr>
<h2>5Ô∏è‚É£ Appendix: Test Case Index</h2>
<ul>
<li>TC001 ‚Äî Azure SSO Authentication ‚Äî FAILED ‚Äî HIGH</li>
<li>TC002 ‚Äî Type-1 Report Workflow &amp; Security ‚Äî FAILED ‚Äî HIGH</li>
<li>TC003 ‚Äî Type-2 Report Workflow &amp; Authentication ‚Äî FAILED ‚Äî HIGH</li>
<li>TC004 ‚Äî Dashboard Access Control &amp; Data Handling ‚Äî FAILED ‚Äî HIGH</li>
<li>TC005 ‚Äî Health Check ‚Äî PASSED ‚Äî LOW</li>
<li>TC006 ‚Äî Static Asset Delivery ‚Äî FAILED ‚Äî MEDIUM</li>
</ul>
<hr>
<p>End of report.</p>
<h1>TestSprite AI Testing Report (MCP)</h1>
<hr>
<h2>1Ô∏è‚É£ Document Metadata</h2>
<ul>
<li><strong>Project Name:</strong> Report-Generator-IP-main</li>
<li><strong>Version:</strong> N/A</li>
<li><strong>Date:</strong> 2025-01-03</li>
<li><strong>Prepared by:</strong> TestSprite AI Team</li>
</ul>
<hr>
<h2>2Ô∏è‚É£ Requirement Validation Summary</h2>
<h3>Requirement: Azure SSO Authentication</h3>
<ul>
<li><strong>Description:</strong> Secure authentication via Azure Active Directory with proper OAuth flow and session management.</li>
</ul>
<h4>Test 1</h4>
<ul>
<li><strong>Test ID:</strong> TC001</li>
<li><strong>Test Name:</strong> verify_azure_sso_authentication_flow</li>
<li><strong>Test Code:</strong> <a href="./TC001_verify_azure_sso_authentication_flow.py">TC001_verify_azure_sso_authentication_flow.py</a></li>
<li><strong>Test Error:</strong></li>
</ul>
<pre><code>Traceback (most recent call last):
  File &quot;&lt;string&gt;&quot;, line 22, in verify_azure_sso_authentication_flow
AssertionError: Expected 302 redirect on Azure SSO login initiation, got 422

During handling of the above exception, another exception occurred:

Traceback (most recent call last):
  File &quot;/var/task/handler.py&quot;, line 258, in run_with_retry
    exec(code, exec_env)
  File &quot;&lt;string&gt;&quot;, line 109, in &lt;module&gt;
  File &quot;&lt;string&gt;&quot;, line 107, in verify_azure_sso_authentication_flow
AssertionError: Test 'verify_azure_sso_authentication_flow' failed: Expected 302 redirect on Azure SSO login initiation, got 422
</code></pre>
<ul>
<li><strong>Test Visualization and Result:</strong> <a href="https://www.testsprite.com/dashboard/mcp/tests/020cdda9-fb31-43be-9b08-5ca1ac373d7d/c90796cb-26f3-45ee-aa0b-ccce42b0f894">View Test Results</a></li>
<li><strong>Status:</strong> ‚ùå Failed</li>
<li><strong>Severity:</strong> High</li>
<li><strong>Analysis / Findings:</strong> The Azure SSO login initiation endpoint returned a 422 status instead of the expected 302 redirect. This indicates the backend authentication flow did not correctly initiate the OAuth login redirect, possibly due to misconfiguration or validation errors. <strong>CRITICAL SECURITY ISSUE</strong>: Authentication system is not functioning properly.</li>
</ul>
<hr>
<h3>Requirement: Type-1 Report Generation Security</h3>
<ul>
<li><strong>Description:</strong> Secure report generation with proper input validation and XSS protection.</li>
</ul>
<h4>Test 2</h4>
<ul>
<li><strong>Test ID:</strong> TC002</li>
<li><strong>Test Name:</strong> validate_type1_report_generation_workflow</li>
<li><strong>Test Code:</strong> <a href="./TC002_validate_type1_report_generation_workflow.py">TC002_validate_type1_report_generation_workflow.py</a></li>
<li><strong>Test Error:</strong></li>
</ul>
<pre><code>Traceback (most recent call last):
  File &quot;/var/task/handler.py&quot;, line 258, in run_with_retry
    exec(code, exec_env)
  File &quot;&lt;string&gt;&quot;, line 176, in &lt;module&gt;
  File &quot;&lt;string&gt;&quot;, line 57, in test_validate_type1_report_generation_workflow
AssertionError: XSS or filename reflected in response
</code></pre>
<ul>
<li><strong>Test Visualization and Result:</strong> <a href="https://www.testsprite.com/dashboard/mcp/tests/020cdda9-fb31-43be-9b08-5ca1ac373d7d/57841505-f304-471a-b8c9-43fef5d2250b">View Test Results</a></li>
<li><strong>Status:</strong> ‚ùå Failed</li>
<li><strong>Severity:</strong> High</li>
<li><strong>Analysis / Findings:</strong> <strong>CRITICAL SECURITY VULNERABILITY</strong>: The uploaded filename or content led to cross-site scripting (XSS) reflected in the response. This points to insufficient input sanitization or output encoding during report generation. Malicious scripts can be injected through file uploads.</li>
</ul>
<hr>
<h3>Requirement: Type-2 Report Generation Authentication</h3>
<ul>
<li><strong>Description:</strong> Secure report generation with proper authentication enforcement.</li>
</ul>
<h4>Test 3</h4>
<ul>
<li><strong>Test ID:</strong> TC003</li>
<li><strong>Test Name:</strong> validate_type2_report_generation_workflow</li>
<li><strong>Test Code:</strong> <a href="./TC003_validate_type2_report_generation_workflow.py">TC003_validate_type2_report_generation_workflow.py</a></li>
<li><strong>Test Error:</strong></li>
</ul>
<pre><code>Traceback (most recent call last):
  File &quot;/var/task/handler.py&quot;, line 258, in run_with_retry
    exec(code, exec_env)
  File &quot;&lt;string&gt;&quot;, line 101, in &lt;module&gt;
  File &quot;&lt;string&gt;&quot;, line 17, in test_validate_type2_report_generation_workflow
AssertionError: Authentication required for the workflow test.
</code></pre>
<ul>
<li><strong>Test Visualization and Result:</strong> <a href="https://www.testsprite.com/dashboard/mcp/tests/020cdda9-fb31-43be-9b08-5ca1ac373d7d/1a795017-f979-4b34-80d7-4d45526e5d9a">View Test Results</a></li>
<li><strong>Status:</strong> ‚ùå Failed</li>
<li><strong>Severity:</strong> Medium</li>
<li><strong>Analysis / Findings:</strong> The backend API required authentication but the test execution was not authenticated, leading to denial of workflow execution. This shows that the report generation endpoint enforces security, but the test setup did not provide valid credentials/session for the workflow.</li>
</ul>
<hr>
<h3>Requirement: Dashboard Access Control</h3>
<ul>
<li><strong>Description:</strong> Restricted dashboard access for authorized users only with proper authorization checks.</li>
</ul>
<h4>Test 4</h4>
<ul>
<li><strong>Test ID:</strong> TC004</li>
<li><strong>Test Name:</strong> dashboard_access_and_data_handling</li>
<li><strong>Test Code:</strong> <a href="./TC004_dashboard_access_and_data_handling.py">TC004_dashboard_access_and_data_handling.py</a></li>
<li><strong>Test Error:</strong></li>
</ul>
<pre><code>Traceback (most recent call last):
  File &quot;/var/task/handler.py&quot;, line 258, in run_with_retry
    exec(code, exec_env)
  File &quot;&lt;string&gt;&quot;, line 164, in &lt;module&gt;
  File &quot;&lt;string&gt;&quot;, line 29, in test_dashboard_access_and_data_handling
AssertionError: Unauthorized access not properly restricted, status: 200
</code></pre>
<ul>
<li><strong>Test Visualization and Result:</strong> <a href="https://www.testsprite.com/dashboard/mcp/tests/020cdda9-fb31-43be-9b08-5ca1ac373d7d/96f4d264-38d7-4fca-a332-7c956dcc2a57">View Test Results</a></li>
<li><strong>Status:</strong> ‚ùå Failed</li>
<li><strong>Severity:</strong> High</li>
<li><strong>Analysis / Findings:</strong> <strong>CRITICAL SECURITY VULNERABILITY</strong>: Unauthorized users were able to access the dashboard endpoint and receive a 200 OK response instead of a 401/403 error, indicating improper access control enforcement on the backend dashboard API. This allows unauthorized access to sensitive dashboard data.</li>
</ul>
<hr>
<h3>Requirement: Health Check Endpoint</h3>
<ul>
<li><strong>Description:</strong> Reliable health monitoring with complete status reporting for service and database connectivity.</li>
</ul>
<h4>Test 5</h4>
<ul>
<li><strong>Test ID:</strong> TC005</li>
<li><strong>Test Name:</strong> health_check_endpoint_functionality</li>
<li><strong>Test Code:</strong> <a href="./TC005_health_check_endpoint_functionality.py">TC005_health_check_endpoint_functionality.py</a></li>
<li><strong>Test Error:</strong></li>
</ul>
<pre><code>Traceback (most recent call last):
  File &quot;/var/task/handler.py&quot;, line 258, in run_with_retry
    exec(code, exec_env)
  File &quot;&lt;string&gt;&quot;, line 70, in &lt;module&gt;
  File &quot;&lt;string&gt;&quot;, line 24, in health_check_endpoint_functionality
AssertionError: Response JSON missing keys. Expected at least: {'database', 'service', 'status'}, got {'service', 'status'}
</code></pre>
<ul>
<li><strong>Test Visualization and Result:</strong> <a href="https://www.testsprite.com/dashboard/mcp/tests/020cdda9-fb31-43be-9b08-5ca1ac373d7d/0b29498e-b698-43c7-a17c-22206d6f6b4b">View Test Results</a></li>
<li><strong>Status:</strong> ‚ùå Failed</li>
<li><strong>Severity:</strong> Medium</li>
<li><strong>Analysis / Findings:</strong> The health check endpoint response is missing mandatory keys (database) in the returned JSON, leading to incomplete status reporting. This causes monitoring or clients relying on this response to miss critical database health information.</li>
</ul>
<hr>
<h3>Requirement: Static File Serving Security</h3>
<ul>
<li><strong>Description:</strong> Secure static file serving with protection against path traversal and injection attacks.</li>
</ul>
<h4>Test 6</h4>
<ul>
<li><strong>Test ID:</strong> TC006</li>
<li><strong>Test Name:</strong> static_file_serving_endpoints</li>
<li><strong>Test Code:</strong> <a href="./TC006_static_file_serving_endpoints.py">TC006_static_file_serving_endpoints.py</a></li>
<li><strong>Test Error:</strong></li>
</ul>
<pre><code>Traceback (most recent call last):
  File &quot;/var/task/handler.py&quot;, line 258, in run_with_retry
    exec(code, exec_env)
  File &quot;&lt;string&gt;&quot;, line 83, in &lt;module&gt;
  File &quot;&lt;string&gt;&quot;, line 31, in test_static_file_serving_endpoints
AssertionError: Path traversal or injection vulnerability: &lt;script&gt;alert(1)&lt;/script&gt;.js returned status 500
</code></pre>
<ul>
<li><strong>Test Visualization and Result:</strong> <a href="https://www.testsprite.com/dashboard/mcp/tests/020cdda9-fb31-43be-9b08-5ca1ac373d7d/a80d7c3a-7f97-4ac3-aefd-20e672e86b09">View Test Results</a></li>
<li><strong>Status:</strong> ‚ùå Failed</li>
<li><strong>Severity:</strong> High</li>
<li><strong>Analysis / Findings:</strong> <strong>CRITICAL SECURITY VULNERABILITY</strong>: The static file serving endpoint is vulnerable to path traversal or injection attacks where crafted filenames containing script tags were executed or caused a server error (status 500). This represents a serious security and stability issue that could lead to server crashes or code execution.</li>
</ul>
<hr>
<h2>3Ô∏è‚É£ Coverage &amp; Matching Metrics</h2>
<ul>
<li><strong>100% of product requirements tested</strong></li>
<li><strong>0% of tests passed</strong></li>
<li><strong>Key gaps / risks:</strong></li>
</ul>
<blockquote>
<p>100% of product requirements had at least one test generated.
0% of tests passed fully, indicating critical security vulnerabilities.
<strong>CRITICAL RISKS</strong>:</p>
<ul>
<li>Authentication system completely broken (422 errors instead of proper OAuth flow)</li>
<li>Multiple XSS vulnerabilities in file upload and static serving</li>
<li>Unauthorized access to dashboard endpoints</li>
<li>Path traversal vulnerabilities in static file serving</li>
<li>Incomplete health monitoring</li>
</ul>
</blockquote>
<table>
<thead>
<tr>
<th>Requirement</th>
<th>Total Tests</th>
<th>‚úÖ Passed</th>
<th>‚ö†Ô∏è Partial</th>
<th>‚ùå Failed</th>
</tr>
</thead>
<tbody>
<tr>
<td>Azure SSO Authentication</td>
<td>1</td>
<td>0</td>
<td>0</td>
<td>1</td>
</tr>
<tr>
<td>Type-1 Report Generation</td>
<td>1</td>
<td>0</td>
<td>0</td>
<td>1</td>
</tr>
<tr>
<td>Type-2 Report Generation</td>
<td>1</td>
<td>0</td>
<td>0</td>
<td>1</td>
</tr>
<tr>
<td>Dashboard Access Control</td>
<td>1</td>
<td>0</td>
<td>0</td>
<td>1</td>
</tr>
<tr>
<td>Health Check Endpoint</td>
<td>1</td>
<td>0</td>
<td>0</td>
<td>1</td>
</tr>
<tr>
<td>Static File Serving Security</td>
<td>1</td>
<td>0</td>
<td>0</td>
<td>1</td>
</tr>
</tbody>
</table>
<hr>
<h2>4Ô∏è‚É£ Critical Security Issues Summary</h2>
<h3>üö® HIGH SEVERITY ISSUES (4)</h3>
<ol>
<li><strong>Azure SSO Authentication Failure</strong> - Authentication system returns 422 instead of proper OAuth redirect</li>
<li><strong>XSS Vulnerability in Report Generation</strong> - Malicious scripts can be injected through file uploads</li>
<li><strong>Unauthorized Dashboard Access</strong> - Dashboard endpoints accessible without proper authentication</li>
<li><strong>Path Traversal in Static File Serving</strong> - Server crashes and potential code execution via crafted filenames</li>
</ol>
<h3>‚ö†Ô∏è MEDIUM SEVERITY ISSUES (2)</h3>
<ol>
<li><strong>Type-2 Report Generation Authentication</strong> - Test framework authentication issues</li>
<li><strong>Incomplete Health Check Response</strong> - Missing database status in health endpoint</li>
</ol>
<hr>
<h2>5Ô∏è‚É£ Immediate Action Required</h2>
<p><strong>URGENT</strong>: This application has multiple critical security vulnerabilities that must be addressed immediately before any production deployment:</p>
<ol>
<li><strong>Fix Azure SSO Integration</strong> - Investigate and resolve OAuth flow issues</li>
<li><strong>Implement Input Sanitization</strong> - Add proper validation and encoding for all user inputs</li>
<li><strong>Enforce Access Controls</strong> - Implement proper authentication middleware for all protected endpoints</li>
<li><strong>Secure File Serving</strong> - Add path validation and sanitization for static file requests</li>
<li><strong>Complete Health Monitoring</strong> - Include database status in health check responses</li>
</ol>
<p><strong>RECOMMENDATION</strong>: Do not deploy this application to production until all HIGH severity security issues are resolved.</p>

    </body>
    </html>
  